<?xml version="1.0" encoding="UTF-8"?>
<testsuite xmlns:xsi="http://www.w3.org/2001/XMLSchema-instance" xsi:noNamespaceSchemaLocation="https://maven.apache.org/surefire/maven-surefire-plugin/xsd/surefire-test-report-3.0.xsd" version="3.0" name="TestSuite" time="981.481" tests="14" errors="0" skipped="0" failures="0">
  <properties>
    <property name="java.specification.version" value="16"/>
    <property name="webdriver.chrome.driver" value="C:\Varun\Workspace\AutomationTesting/drivers/chromedriver.exe"/>
    <property name="sun.cpu.isalist" value="amd64"/>
    <property name="sun.jnu.encoding" value="Cp1252"/>
    <property name="java.class.path" value="C:\Varun\Workspace\AutomationTesting\target\test-classes;C:\Varun\Workspace\AutomationTesting\target\classes;C:\Users\jnet\.m2\repository\junit\junit\4.11\junit-4.11.jar;C:\Users\jnet\.m2\repository\org\hamcrest\hamcrest-core\1.3\hamcrest-core-1.3.jar;C:\Users\jnet\.m2\repository\org\seleniumhq\selenium\selenium-java\3.141.59\selenium-java-3.141.59.jar;C:\Users\jnet\.m2\repository\org\seleniumhq\selenium\selenium-api\3.141.59\selenium-api-3.141.59.jar;C:\Users\jnet\.m2\repository\org\seleniumhq\selenium\selenium-chrome-driver\3.141.59\selenium-chrome-driver-3.141.59.jar;C:\Users\jnet\.m2\repository\org\seleniumhq\selenium\selenium-edge-driver\3.141.59\selenium-edge-driver-3.141.59.jar;C:\Users\jnet\.m2\repository\org\seleniumhq\selenium\selenium-firefox-driver\3.141.59\selenium-firefox-driver-3.141.59.jar;C:\Users\jnet\.m2\repository\org\seleniumhq\selenium\selenium-ie-driver\3.141.59\selenium-ie-driver-3.141.59.jar;C:\Users\jnet\.m2\repository\org\seleniumhq\selenium\selenium-opera-driver\3.141.59\selenium-opera-driver-3.141.59.jar;C:\Users\jnet\.m2\repository\org\seleniumhq\selenium\selenium-remote-driver\3.141.59\selenium-remote-driver-3.141.59.jar;C:\Users\jnet\.m2\repository\org\seleniumhq\selenium\selenium-safari-driver\3.141.59\selenium-safari-driver-3.141.59.jar;C:\Users\jnet\.m2\repository\org\seleniumhq\selenium\selenium-support\3.141.59\selenium-support-3.141.59.jar;C:\Users\jnet\.m2\repository\net\bytebuddy\byte-buddy\1.8.15\byte-buddy-1.8.15.jar;C:\Users\jnet\.m2\repository\org\apache\commons\commons-exec\1.3\commons-exec-1.3.jar;C:\Users\jnet\.m2\repository\com\google\guava\guava\25.0-jre\guava-25.0-jre.jar;C:\Users\jnet\.m2\repository\com\google\code\findbugs\jsr305\1.3.9\jsr305-1.3.9.jar;C:\Users\jnet\.m2\repository\org\checkerframework\checker-compat-qual\2.0.0\checker-compat-qual-2.0.0.jar;C:\Users\jnet\.m2\repository\com\google\errorprone\error_prone_annotations\2.1.3\error_prone_annotations-2.1.3.jar;C:\Users\jnet\.m2\repository\com\google\j2objc\j2objc-annotations\1.1\j2objc-annotations-1.1.jar;C:\Users\jnet\.m2\repository\org\codehaus\mojo\animal-sniffer-annotations\1.14\animal-sniffer-annotations-1.14.jar;C:\Users\jnet\.m2\repository\com\squareup\okhttp3\okhttp\3.11.0\okhttp-3.11.0.jar;C:\Users\jnet\.m2\repository\com\squareup\okio\okio\1.14.0\okio-1.14.0.jar;C:\Users\jnet\.m2\repository\org\testng\testng\7.4.0\testng-7.4.0.jar;C:\Users\jnet\.m2\repository\com\beust\jcommander\1.78\jcommander-1.78.jar;C:\Users\jnet\.m2\repository\org\webjars\jquery\3.5.1\jquery-3.5.1.jar;C:\Users\jnet\.m2\repository\org\apache\poi\poi-ooxml\5.0.0\poi-ooxml-5.0.0.jar;C:\Users\jnet\.m2\repository\org\apache\poi\poi-ooxml-lite\5.0.0\poi-ooxml-lite-5.0.0.jar;C:\Users\jnet\.m2\repository\org\apache\xmlbeans\xmlbeans\4.0.0\xmlbeans-4.0.0.jar;C:\Users\jnet\.m2\repository\org\apache\commons\commons-compress\1.20\commons-compress-1.20.jar;C:\Users\jnet\.m2\repository\com\github\virtuald\curvesapi\1.06\curvesapi-1.06.jar;C:\Users\jnet\.m2\repository\org\bouncycastle\bcpkix-jdk15on\1.68\bcpkix-jdk15on-1.68.jar;C:\Users\jnet\.m2\repository\org\bouncycastle\bcprov-jdk15on\1.68\bcprov-jdk15on-1.68.jar;C:\Users\jnet\.m2\repository\org\apache\santuario\xmlsec\2.2.1\xmlsec-2.2.1.jar;C:\Users\jnet\.m2\repository\com\fasterxml\woodstox\woodstox-core\5.2.1\woodstox-core-5.2.1.jar;C:\Users\jnet\.m2\repository\org\codehaus\woodstox\stax2-api\4.2\stax2-api-4.2.jar;C:\Users\jnet\.m2\repository\jakarta\xml\bind\jakarta.xml.bind-api\2.3.2\jakarta.xml.bind-api-2.3.2.jar;C:\Users\jnet\.m2\repository\jakarta\activation\jakarta.activation-api\1.2.1\jakarta.activation-api-1.2.1.jar;C:\Users\jnet\.m2\repository\org\apache\xmlgraphics\batik-all\1.13\batik-all-1.13.jar;C:\Users\jnet\.m2\repository\org\apache\xmlgraphics\batik-anim\1.13\batik-anim-1.13.jar;C:\Users\jnet\.m2\repository\org\apache\xmlgraphics\batik-shared-resources\1.13\batik-shared-resources-1.13.jar;C:\Users\jnet\.m2\repository\xml-apis\xml-apis-ext\1.3.04\xml-apis-ext-1.3.04.jar;C:\Users\jnet\.m2\repository\org\apache\xmlgraphics\batik-awt-util\1.13\batik-awt-util-1.13.jar;C:\Users\jnet\.m2\repository\org\apache\xmlgraphics\xmlgraphics-commons\2.4\xmlgraphics-commons-2.4.jar;C:\Users\jnet\.m2\repository\org\apache\xmlgraphics\batik-bridge\1.13\batik-bridge-1.13.jar;C:\Users\jnet\.m2\repository\org\apache\xmlgraphics\batik-codec\1.13\batik-codec-1.13.jar;C:\Users\jnet\.m2\repository\org\apache\xmlgraphics\batik-constants\1.13\batik-constants-1.13.jar;C:\Users\jnet\.m2\repository\org\apache\xmlgraphics\batik-css\1.13\batik-css-1.13.jar;C:\Users\jnet\.m2\repository\org\apache\xmlgraphics\batik-dom\1.13\batik-dom-1.13.jar;C:\Users\jnet\.m2\repository\xalan\xalan\2.7.2\xalan-2.7.2.jar;C:\Users\jnet\.m2\repository\xalan\serializer\2.7.2\serializer-2.7.2.jar;C:\Users\jnet\.m2\repository\xml-apis\xml-apis\1.4.01\xml-apis-1.4.01.jar;C:\Users\jnet\.m2\repository\org\apache\xmlgraphics\batik-ext\1.13\batik-ext-1.13.jar;C:\Users\jnet\.m2\repository\org\apache\xmlgraphics\batik-extension\1.13\batik-extension-1.13.jar;C:\Users\jnet\.m2\repository\org\apache\xmlgraphics\batik-gui-util\1.13\batik-gui-util-1.13.jar;C:\Users\jnet\.m2\repository\org\apache\xmlgraphics\batik-gvt\1.13\batik-gvt-1.13.jar;C:\Users\jnet\.m2\repository\org\apache\xmlgraphics\batik-i18n\1.13\batik-i18n-1.13.jar;C:\Users\jnet\.m2\repository\org\apache\xmlgraphics\batik-parser\1.13\batik-parser-1.13.jar;C:\Users\jnet\.m2\repository\org\apache\xmlgraphics\batik-rasterizer-ext\1.13\batik-rasterizer-ext-1.13.jar;C:\Users\jnet\.m2\repository\org\apache\xmlgraphics\batik-rasterizer\1.13\batik-rasterizer-1.13.jar;C:\Users\jnet\.m2\repository\org\apache\xmlgraphics\batik-script\1.13\batik-script-1.13.jar;C:\Users\jnet\.m2\repository\org\apache\xmlgraphics\batik-slideshow\1.13\batik-slideshow-1.13.jar;C:\Users\jnet\.m2\repository\org\apache\xmlgraphics\batik-squiggle-ext\1.13\batik-squiggle-ext-1.13.jar;C:\Users\jnet\.m2\repository\org\apache\xmlgraphics\batik-squiggle\1.13\batik-squiggle-1.13.jar;C:\Users\jnet\.m2\repository\org\apache\xmlgraphics\batik-svg-dom\1.13\batik-svg-dom-1.13.jar;C:\Users\jnet\.m2\repository\org\apache\xmlgraphics\batik-svgbrowser\1.13\batik-svgbrowser-1.13.jar;C:\Users\jnet\.m2\repository\org\apache\xmlgraphics\batik-svggen\1.13\batik-svggen-1.13.jar;C:\Users\jnet\.m2\repository\org\apache\xmlgraphics\batik-svgpp\1.13\batik-svgpp-1.13.jar;C:\Users\jnet\.m2\repository\org\apache\xmlgraphics\batik-svgrasterizer\1.13\batik-svgrasterizer-1.13.jar;C:\Users\jnet\.m2\repository\org\apache\xmlgraphics\batik-swing\1.13\batik-swing-1.13.jar;C:\Users\jnet\.m2\repository\org\apache\xmlgraphics\batik-transcoder\1.13\batik-transcoder-1.13.jar;C:\Users\jnet\.m2\repository\org\apache\xmlgraphics\batik-util\1.13\batik-util-1.13.jar;C:\Users\jnet\.m2\repository\org\apache\xmlgraphics\batik-ttf2svg\1.13\batik-ttf2svg-1.13.jar;C:\Users\jnet\.m2\repository\org\apache\xmlgraphics\batik-xml\1.13\batik-xml-1.13.jar;C:\Users\jnet\.m2\repository\de\rototor\pdfbox\graphics2d\0.30\graphics2d-0.30.jar;C:\Users\jnet\.m2\repository\org\apache\pdfbox\pdfbox\2.0.22\pdfbox-2.0.22.jar;C:\Users\jnet\.m2\repository\org\apache\pdfbox\fontbox\2.0.22\fontbox-2.0.22.jar;C:\Users\jnet\.m2\repository\org\apache\poi\poi\5.0.0\poi-5.0.0.jar;C:\Users\jnet\.m2\repository\org\slf4j\slf4j-api\1.7.30\slf4j-api-1.7.30.jar;C:\Users\jnet\.m2\repository\org\slf4j\jcl-over-slf4j\1.7.30\jcl-over-slf4j-1.7.30.jar;C:\Users\jnet\.m2\repository\commons-codec\commons-codec\1.15\commons-codec-1.15.jar;C:\Users\jnet\.m2\repository\org\apache\commons\commons-collections4\4.4\commons-collections4-4.4.jar;C:\Users\jnet\.m2\repository\org\apache\commons\commons-math3\3.6.1\commons-math3-3.6.1.jar;C:\Users\jnet\.m2\repository\com\zaxxer\SparseBitSet\1.2\SparseBitSet-1.2.jar;C:\Users\jnet\.m2\repository\log4j\log4j\1.2.17\log4j-1.2.17.jar;C:\Users\jnet\.m2\repository\com\aventstack\extentreports\5.0.8\extentreports-5.0.8.jar;C:\Users\jnet\.m2\repository\io\reactivex\rxjava3\rxjava\3.0.4\rxjava-3.0.4.jar;C:\Users\jnet\.m2\repository\org\reactivestreams\reactive-streams\1.0.3\reactive-streams-1.0.3.jar;C:\Users\jnet\.m2\repository\org\freemarker\freemarker\2.3.30\freemarker-2.3.30.jar;C:\Users\jnet\.m2\repository\org\projectlombok\lombok\1.18.12\lombok-1.18.12.jar;C:\Users\jnet\.m2\repository\com\google\code\gson\gson\2.8.6\gson-2.8.6.jar;C:\Users\jnet\.m2\repository\commons-io\commons-io\1.3.2\commons-io-1.3.2.jar;C:\Users\jnet\.m2\repository\org\apache\commons\commons-lang3\3.12.0\commons-lang3-3.12.0.jar;"/>
    <property name="java.vm.vendor" value="Oracle Corporation"/>
    <property name="sun.arch.data.model" value="64"/>
    <property name="user.variant" value=""/>
    <property name="java.vendor.url" value="https://java.oracle.com/"/>
    <property name="user.timezone" value="Asia/Calcutta"/>
    <property name="os.name" value="Windows 8.1"/>
    <property name="java.vm.specification.version" value="16"/>
    <property name="sun.java.launcher" value="SUN_STANDARD"/>
    <property name="user.country" value="IN"/>
    <property name="sun.boot.library.path" value="C:\Program Files\Java\jdk-16.0.1\bin"/>
    <property name="sun.java.command" value="C:\Users\jnet\AppData\Local\Temp\surefire7098421396901567495\surefirebooter8889612263261688485.jar C:\Users\jnet\AppData\Local\Temp\surefire7098421396901567495 2021-06-16T18-05-14_358-jvmRun1 surefire2796582747663715613tmp surefire_07242944193264525868tmp"/>
    <property name="jdk.debug" value="release"/>
    <property name="surefire.test.class.path" value="C:\Varun\Workspace\AutomationTesting\target\test-classes;C:\Varun\Workspace\AutomationTesting\target\classes;C:\Users\jnet\.m2\repository\junit\junit\4.11\junit-4.11.jar;C:\Users\jnet\.m2\repository\org\hamcrest\hamcrest-core\1.3\hamcrest-core-1.3.jar;C:\Users\jnet\.m2\repository\org\seleniumhq\selenium\selenium-java\3.141.59\selenium-java-3.141.59.jar;C:\Users\jnet\.m2\repository\org\seleniumhq\selenium\selenium-api\3.141.59\selenium-api-3.141.59.jar;C:\Users\jnet\.m2\repository\org\seleniumhq\selenium\selenium-chrome-driver\3.141.59\selenium-chrome-driver-3.141.59.jar;C:\Users\jnet\.m2\repository\org\seleniumhq\selenium\selenium-edge-driver\3.141.59\selenium-edge-driver-3.141.59.jar;C:\Users\jnet\.m2\repository\org\seleniumhq\selenium\selenium-firefox-driver\3.141.59\selenium-firefox-driver-3.141.59.jar;C:\Users\jnet\.m2\repository\org\seleniumhq\selenium\selenium-ie-driver\3.141.59\selenium-ie-driver-3.141.59.jar;C:\Users\jnet\.m2\repository\org\seleniumhq\selenium\selenium-opera-driver\3.141.59\selenium-opera-driver-3.141.59.jar;C:\Users\jnet\.m2\repository\org\seleniumhq\selenium\selenium-remote-driver\3.141.59\selenium-remote-driver-3.141.59.jar;C:\Users\jnet\.m2\repository\org\seleniumhq\selenium\selenium-safari-driver\3.141.59\selenium-safari-driver-3.141.59.jar;C:\Users\jnet\.m2\repository\org\seleniumhq\selenium\selenium-support\3.141.59\selenium-support-3.141.59.jar;C:\Users\jnet\.m2\repository\net\bytebuddy\byte-buddy\1.8.15\byte-buddy-1.8.15.jar;C:\Users\jnet\.m2\repository\org\apache\commons\commons-exec\1.3\commons-exec-1.3.jar;C:\Users\jnet\.m2\repository\com\google\guava\guava\25.0-jre\guava-25.0-jre.jar;C:\Users\jnet\.m2\repository\com\google\code\findbugs\jsr305\1.3.9\jsr305-1.3.9.jar;C:\Users\jnet\.m2\repository\org\checkerframework\checker-compat-qual\2.0.0\checker-compat-qual-2.0.0.jar;C:\Users\jnet\.m2\repository\com\google\errorprone\error_prone_annotations\2.1.3\error_prone_annotations-2.1.3.jar;C:\Users\jnet\.m2\repository\com\google\j2objc\j2objc-annotations\1.1\j2objc-annotations-1.1.jar;C:\Users\jnet\.m2\repository\org\codehaus\mojo\animal-sniffer-annotations\1.14\animal-sniffer-annotations-1.14.jar;C:\Users\jnet\.m2\repository\com\squareup\okhttp3\okhttp\3.11.0\okhttp-3.11.0.jar;C:\Users\jnet\.m2\repository\com\squareup\okio\okio\1.14.0\okio-1.14.0.jar;C:\Users\jnet\.m2\repository\org\testng\testng\7.4.0\testng-7.4.0.jar;C:\Users\jnet\.m2\repository\com\beust\jcommander\1.78\jcommander-1.78.jar;C:\Users\jnet\.m2\repository\org\webjars\jquery\3.5.1\jquery-3.5.1.jar;C:\Users\jnet\.m2\repository\org\apache\poi\poi-ooxml\5.0.0\poi-ooxml-5.0.0.jar;C:\Users\jnet\.m2\repository\org\apache\poi\poi-ooxml-lite\5.0.0\poi-ooxml-lite-5.0.0.jar;C:\Users\jnet\.m2\repository\org\apache\xmlbeans\xmlbeans\4.0.0\xmlbeans-4.0.0.jar;C:\Users\jnet\.m2\repository\org\apache\commons\commons-compress\1.20\commons-compress-1.20.jar;C:\Users\jnet\.m2\repository\com\github\virtuald\curvesapi\1.06\curvesapi-1.06.jar;C:\Users\jnet\.m2\repository\org\bouncycastle\bcpkix-jdk15on\1.68\bcpkix-jdk15on-1.68.jar;C:\Users\jnet\.m2\repository\org\bouncycastle\bcprov-jdk15on\1.68\bcprov-jdk15on-1.68.jar;C:\Users\jnet\.m2\repository\org\apache\santuario\xmlsec\2.2.1\xmlsec-2.2.1.jar;C:\Users\jnet\.m2\repository\com\fasterxml\woodstox\woodstox-core\5.2.1\woodstox-core-5.2.1.jar;C:\Users\jnet\.m2\repository\org\codehaus\woodstox\stax2-api\4.2\stax2-api-4.2.jar;C:\Users\jnet\.m2\repository\jakarta\xml\bind\jakarta.xml.bind-api\2.3.2\jakarta.xml.bind-api-2.3.2.jar;C:\Users\jnet\.m2\repository\jakarta\activation\jakarta.activation-api\1.2.1\jakarta.activation-api-1.2.1.jar;C:\Users\jnet\.m2\repository\org\apache\xmlgraphics\batik-all\1.13\batik-all-1.13.jar;C:\Users\jnet\.m2\repository\org\apache\xmlgraphics\batik-anim\1.13\batik-anim-1.13.jar;C:\Users\jnet\.m2\repository\org\apache\xmlgraphics\batik-shared-resources\1.13\batik-shared-resources-1.13.jar;C:\Users\jnet\.m2\repository\xml-apis\xml-apis-ext\1.3.04\xml-apis-ext-1.3.04.jar;C:\Users\jnet\.m2\repository\org\apache\xmlgraphics\batik-awt-util\1.13\batik-awt-util-1.13.jar;C:\Users\jnet\.m2\repository\org\apache\xmlgraphics\xmlgraphics-commons\2.4\xmlgraphics-commons-2.4.jar;C:\Users\jnet\.m2\repository\org\apache\xmlgraphics\batik-bridge\1.13\batik-bridge-1.13.jar;C:\Users\jnet\.m2\repository\org\apache\xmlgraphics\batik-codec\1.13\batik-codec-1.13.jar;C:\Users\jnet\.m2\repository\org\apache\xmlgraphics\batik-constants\1.13\batik-constants-1.13.jar;C:\Users\jnet\.m2\repository\org\apache\xmlgraphics\batik-css\1.13\batik-css-1.13.jar;C:\Users\jnet\.m2\repository\org\apache\xmlgraphics\batik-dom\1.13\batik-dom-1.13.jar;C:\Users\jnet\.m2\repository\xalan\xalan\2.7.2\xalan-2.7.2.jar;C:\Users\jnet\.m2\repository\xalan\serializer\2.7.2\serializer-2.7.2.jar;C:\Users\jnet\.m2\repository\xml-apis\xml-apis\1.4.01\xml-apis-1.4.01.jar;C:\Users\jnet\.m2\repository\org\apache\xmlgraphics\batik-ext\1.13\batik-ext-1.13.jar;C:\Users\jnet\.m2\repository\org\apache\xmlgraphics\batik-extension\1.13\batik-extension-1.13.jar;C:\Users\jnet\.m2\repository\org\apache\xmlgraphics\batik-gui-util\1.13\batik-gui-util-1.13.jar;C:\Users\jnet\.m2\repository\org\apache\xmlgraphics\batik-gvt\1.13\batik-gvt-1.13.jar;C:\Users\jnet\.m2\repository\org\apache\xmlgraphics\batik-i18n\1.13\batik-i18n-1.13.jar;C:\Users\jnet\.m2\repository\org\apache\xmlgraphics\batik-parser\1.13\batik-parser-1.13.jar;C:\Users\jnet\.m2\repository\org\apache\xmlgraphics\batik-rasterizer-ext\1.13\batik-rasterizer-ext-1.13.jar;C:\Users\jnet\.m2\repository\org\apache\xmlgraphics\batik-rasterizer\1.13\batik-rasterizer-1.13.jar;C:\Users\jnet\.m2\repository\org\apache\xmlgraphics\batik-script\1.13\batik-script-1.13.jar;C:\Users\jnet\.m2\repository\org\apache\xmlgraphics\batik-slideshow\1.13\batik-slideshow-1.13.jar;C:\Users\jnet\.m2\repository\org\apache\xmlgraphics\batik-squiggle-ext\1.13\batik-squiggle-ext-1.13.jar;C:\Users\jnet\.m2\repository\org\apache\xmlgraphics\batik-squiggle\1.13\batik-squiggle-1.13.jar;C:\Users\jnet\.m2\repository\org\apache\xmlgraphics\batik-svg-dom\1.13\batik-svg-dom-1.13.jar;C:\Users\jnet\.m2\repository\org\apache\xmlgraphics\batik-svgbrowser\1.13\batik-svgbrowser-1.13.jar;C:\Users\jnet\.m2\repository\org\apache\xmlgraphics\batik-svggen\1.13\batik-svggen-1.13.jar;C:\Users\jnet\.m2\repository\org\apache\xmlgraphics\batik-svgpp\1.13\batik-svgpp-1.13.jar;C:\Users\jnet\.m2\repository\org\apache\xmlgraphics\batik-svgrasterizer\1.13\batik-svgrasterizer-1.13.jar;C:\Users\jnet\.m2\repository\org\apache\xmlgraphics\batik-swing\1.13\batik-swing-1.13.jar;C:\Users\jnet\.m2\repository\org\apache\xmlgraphics\batik-transcoder\1.13\batik-transcoder-1.13.jar;C:\Users\jnet\.m2\repository\org\apache\xmlgraphics\batik-util\1.13\batik-util-1.13.jar;C:\Users\jnet\.m2\repository\org\apache\xmlgraphics\batik-ttf2svg\1.13\batik-ttf2svg-1.13.jar;C:\Users\jnet\.m2\repository\org\apache\xmlgraphics\batik-xml\1.13\batik-xml-1.13.jar;C:\Users\jnet\.m2\repository\de\rototor\pdfbox\graphics2d\0.30\graphics2d-0.30.jar;C:\Users\jnet\.m2\repository\org\apache\pdfbox\pdfbox\2.0.22\pdfbox-2.0.22.jar;C:\Users\jnet\.m2\repository\org\apache\pdfbox\fontbox\2.0.22\fontbox-2.0.22.jar;C:\Users\jnet\.m2\repository\org\apache\poi\poi\5.0.0\poi-5.0.0.jar;C:\Users\jnet\.m2\repository\org\slf4j\slf4j-api\1.7.30\slf4j-api-1.7.30.jar;C:\Users\jnet\.m2\repository\org\slf4j\jcl-over-slf4j\1.7.30\jcl-over-slf4j-1.7.30.jar;C:\Users\jnet\.m2\repository\commons-codec\commons-codec\1.15\commons-codec-1.15.jar;C:\Users\jnet\.m2\repository\org\apache\commons\commons-collections4\4.4\commons-collections4-4.4.jar;C:\Users\jnet\.m2\repository\org\apache\commons\commons-math3\3.6.1\commons-math3-3.6.1.jar;C:\Users\jnet\.m2\repository\com\zaxxer\SparseBitSet\1.2\SparseBitSet-1.2.jar;C:\Users\jnet\.m2\repository\log4j\log4j\1.2.17\log4j-1.2.17.jar;C:\Users\jnet\.m2\repository\com\aventstack\extentreports\5.0.8\extentreports-5.0.8.jar;C:\Users\jnet\.m2\repository\io\reactivex\rxjava3\rxjava\3.0.4\rxjava-3.0.4.jar;C:\Users\jnet\.m2\repository\org\reactivestreams\reactive-streams\1.0.3\reactive-streams-1.0.3.jar;C:\Users\jnet\.m2\repository\org\freemarker\freemarker\2.3.30\freemarker-2.3.30.jar;C:\Users\jnet\.m2\repository\org\projectlombok\lombok\1.18.12\lombok-1.18.12.jar;C:\Users\jnet\.m2\repository\com\google\code\gson\gson\2.8.6\gson-2.8.6.jar;C:\Users\jnet\.m2\repository\commons-io\commons-io\1.3.2\commons-io-1.3.2.jar;C:\Users\jnet\.m2\repository\org\apache\commons\commons-lang3\3.12.0\commons-lang3-3.12.0.jar;"/>
    <property name="sun.cpu.endian" value="little"/>
    <property name="user.home" value="C:\Users\jnet"/>
    <property name="user.language" value="en"/>
    <property name="java.specification.vendor" value="Oracle Corporation"/>
    <property name="java.version.date" value="2021-04-20"/>
    <property name="java.home" value="C:\Program Files\Java\jdk-16.0.1"/>
    <property name="file.separator" value="\"/>
    <property name="basedir" value="C:\Varun\Workspace\AutomationTesting"/>
    <property name="java.vm.compressedOopsMode" value="32-bit"/>
    <property name="line.separator" value="&#10;"/>
    <property name="java.vm.specification.vendor" value="Oracle Corporation"/>
    <property name="java.specification.name" value="Java Platform API Specification"/>
    <property name="surefire.real.class.path" value="C:\Users\jnet\AppData\Local\Temp\surefire7098421396901567495\surefirebooter8889612263261688485.jar"/>
    <property name="user.script" value=""/>
    <property name="sun.management.compiler" value="HotSpot 64-Bit Tiered Compilers"/>
    <property name="java.runtime.version" value="16.0.1+9-24"/>
    <property name="user.name" value="jnet"/>
    <property name="path.separator" value=";"/>
    <property name="os.version" value="6.3"/>
    <property name="java.runtime.name" value="Java(TM) SE Runtime Environment"/>
    <property name="file.encoding" value="Cp1252"/>
    <property name="java.vm.name" value="Java HotSpot(TM) 64-Bit Server VM"/>
    <property name="localRepository" value="C:\Users\jnet\.m2\repository"/>
    <property name="java.vendor.url.bug" value="https://bugreport.java.com/bugreport/"/>
    <property name="java.io.tmpdir" value="C:\Users\jnet\AppData\Local\Temp\"/>
    <property name="java.version" value="16.0.1"/>
    <property name="user.dir" value="C:\Varun\Workspace\AutomationTesting"/>
    <property name="os.arch" value="amd64"/>
    <property name="java.vm.specification.name" value="Java Virtual Machine Specification"/>
    <property name="sun.os.patch.level" value=""/>
    <property name="java.library.path" value="C:\Program Files\Java\jdk-16.0.1\bin;C:\Windows\Sun\Java\bin;C:\Windows\system32;C:\Windows;C:\Program Files\Common Files\Oracle\Java\javapath;C:\Windows\system32;C:\Windows;C:\Windows\System32\Wbem;C:\Windows\System32\WindowsPowerShell\v1.0\;C:\Program Files\Git\cmd;C:\Program Files\nodejs\;C:\apache-maven-3.8.1-bin\apache-maven-3.8.1\bin;C:\Program Files\Java\jdk-16.0.1\bin;C:\Program Files (x86)\Sophos\Sophos SSL VPN Client\bin;C:\Users\jnet\AppData\Local\Programs\Microsoft VS Code\bin;C:\Users\jnet\AppData\Roaming\npm;."/>
    <property name="java.vm.info" value="mixed mode, sharing"/>
    <property name="java.vendor" value="Oracle Corporation"/>
    <property name="java.vm.version" value="16.0.1+9-24"/>
    <property name="sun.io.unicode.encoding" value="UnicodeLittle"/>
    <property name="java.class.version" value="60.0"/>
  </properties>
  <testcase name="testRefillUsingMasterCardWithoutSavingDetails_TC001" classname="org.Adyen.Testscripts.RefillUsingMasterCardWithoutSavingDetails_TC001" time="86.667">
    <system-out><![CDATA[chrome 
0 [main] INFO org.Adyen.utilities.BaseClass  - .......Chrome browser opened..........
https://adyen-app.sonetel.com/ 
17054 [main] INFO org.Adyen.utilities.BaseClass  - .....Url entered...........
17271 [main] INFO org.Adyen.utilities.BaseClass  - .....clicked on maximise button....
quality_Test@sonetel.info 
sonetel 
18658 [main] INFO org.Adyen.utilities.BaseClass  - .....entered email id.........
18970 [main] INFO org.Adyen.utilities.BaseClass  - .....pwd entered.......
21318 [main] INFO org.Adyen.utilities.BaseClass  - .....Login button clicked.......
21695 [main] INFO org.Adyen.utilities.BaseClass  - .....clicked on Settings Link.....
33928 [main] INFO org.Adyen.utilities.BaseClass  - .....clicked on Company settings Link.....
36130 [main] INFO org.Adyen.utilities.BaseClass  - .....clicked on Billings section.....
37307 [main] INFO org.Adyen.utilities.BaseClass  - .....clicked on Refill Link.....
58167 [main] INFO org.Adyen.utilities.BaseClass  - .....clicked on Creditcard/MasterCard Link.....
60482 [main] INFO org.Adyen.utilities.BaseClass  - .....Entered Card holder name.....
john 
63081 [main] INFO org.Adyen.utilities.BaseClass  - .....Entered Card Number.....
5125860000000006 
65695 [main] INFO org.Adyen.utilities.BaseClass  - .....Entered security code.....
000 
72692 [main] INFO org.Adyen.utilities.BaseClass  - .....clicked on Add button.....
Validation OK
Refilled
$5.00
101615 [main] INFO org.Adyen.utilities.BaseClass  - .....clicked on close link under pop-up.....
103949 [main] INFO org.Adyen.utilities.BaseClass  - .....Getting the current balance.....
Current balance
$1,220.92
Auto-refill is disabled Change
Notify me when account goes below
$25.00
]]></system-out>
    <system-err><![CDATA[Starting ChromeDriver 90.0.4430.24 (4c6d850f087da467d926e8eddb76550aed655991-refs/branch-heads/4430@{#429}) on port 27909
Only local connections are allowed.
Please see https://chromedriver.chromium.org/security-considerations for suggestions on keeping ChromeDriver safe.
ChromeDriver was started successfully.
[1623846925.281][WARNING]: This version of ChromeDriver has not been tested with Chrome version 91.
Jun 16, 2021 6:05:25 PM org.openqa.selenium.remote.ProtocolHandshake createSession
INFO: Detected dialect: W3C
]]></system-err>
  </testcase>
  <testcase name="testRefillUsingMasterCardWithSavingDetails_TC002" classname="org.Adyen.Testscripts.RefillUsingMasterCardWithSavingDetails_TC002" time="65.182">
    <system-out><![CDATA[110519 [main] INFO org.Adyen.utilities.BaseClass  - ....clicked on logout button....
chrome 
114060 [main] INFO org.Adyen.utilities.BaseClass  - .......Chrome browser opened..........
https://adyen-app.sonetel.com/ 
130752 [main] INFO org.Adyen.utilities.BaseClass  - .....Url entered...........
130989 [main] INFO org.Adyen.utilities.BaseClass  - .....clicked on maximise button....
quality_Test@sonetel.info 
sonetel 
132441 [main] INFO org.Adyen.utilities.BaseClass  - .....entered email id.........
132862 [main] INFO org.Adyen.utilities.BaseClass  - .....pwd entered.......
135192 [main] INFO org.Adyen.utilities.BaseClass  - .....Login button clicked.......
135195 [main] INFO org.Adyen.utilities.BaseClass  - .....clicked on Settings Link.....
145672 [main] INFO org.Adyen.utilities.BaseClass  - .....clicked on Company settings Link.....
146943 [main] INFO org.Adyen.utilities.BaseClass  - .....clicked on Billings section.....
149029 [main] INFO org.Adyen.utilities.BaseClass  - .....clicked on Refill Link.....
159581 [main] INFO org.Adyen.utilities.BaseClass  - .....clicked on Creditcard/MasterCard Link.....
161786 [main] INFO org.Adyen.utilities.BaseClass  - .....Entered Card holder name.....
john 
164348 [main] INFO org.Adyen.utilities.BaseClass  - .....Entered Card Number.....
5125860000000006 
166908 [main] INFO org.Adyen.utilities.BaseClass  - .....Entered security code.....
000 
171680 [main] INFO org.Adyen.utilities.BaseClass  - .....clicked on Add button.....
Validation OK
Refilled
$10.00
198107 [main] INFO org.Adyen.utilities.BaseClass  - .....clicked on close link under pop-up.....
200377 [main] INFO org.Adyen.utilities.BaseClass  - .....Getting the current balance.....
Current balance
$1,230.92
Auto-refill is disabled Change
Notify me when account goes below
$25.00
]]></system-out>
    <system-err><![CDATA[Starting ChromeDriver 90.0.4430.24 (4c6d850f087da467d926e8eddb76550aed655991-refs/branch-heads/4430@{#429}) on port 9862
Only local connections are allowed.
Please see https://chromedriver.chromium.org/security-considerations for suggestions on keeping ChromeDriver safe.
ChromeDriver was started successfully.
[1623847037.984][WARNING]: This version of ChromeDriver has not been tested with Chrome version 91.
Jun 16, 2021 6:07:19 PM org.openqa.selenium.remote.ProtocolHandshake createSession
INFO: Detected dialect: W3C
]]></system-err>
  </testcase>
  <testcase name="testRefillAccountUsingSavedMasterCardDetails_TC003" classname="org.Adyen.Testscripts.RefillAccountUsingSavedMasterCardDetails_TC003" time="26.532">
    <system-out><![CDATA[202736 [main] INFO org.Adyen.utilities.BaseClass  - ....clicked on logout button....
chrome 
205661 [main] INFO org.Adyen.utilities.BaseClass  - .......Chrome browser opened..........
https://adyen-app.sonetel.com/ 
227271 [main] INFO org.Adyen.utilities.BaseClass  - .....Url entered...........
227556 [main] INFO org.Adyen.utilities.BaseClass  - .....clicked on maximise button....
quality_Test@sonetel.info 
sonetel 
228721 [main] INFO org.Adyen.utilities.BaseClass  - .....entered email id.........
229036 [main] INFO org.Adyen.utilities.BaseClass  - .....pwd entered.......
231357 [main] INFO org.Adyen.utilities.BaseClass  - .....Login button clicked.......
231363 [main] INFO org.Adyen.utilities.BaseClass  - .....clicked on Settings Link.....
243642 [main] INFO org.Adyen.utilities.BaseClass  - .....clicked on Company settings Link.....
244948 [main] INFO org.Adyen.utilities.BaseClass  - .....clicked on Billings section.....
247035 [main] INFO org.Adyen.utilities.BaseClass  - .....clicked on Refill Link.....
251040 [main] INFO org.Adyen.utilities.BaseClass  - .....clicked under Saved details refill Link.....
Refilled
$50.00
255596 [main] INFO org.Adyen.utilities.BaseClass  - .....clicked on close link under pop-up.....
257809 [main] INFO org.Adyen.utilities.BaseClass  - .....Getting the current balance.....
Current balance
$1,280.92
Auto-refill is disabled Change
Notify me when account goes below
$25.00
]]></system-out>
    <system-err><![CDATA[Starting ChromeDriver 90.0.4430.24 (4c6d850f087da467d926e8eddb76550aed655991-refs/branch-heads/4430@{#429}) on port 36696
Only local connections are allowed.
Please see https://chromedriver.chromium.org/security-considerations for suggestions on keeping ChromeDriver safe.
ChromeDriver was started successfully.
[1623847129.132][WARNING]: This version of ChromeDriver has not been tested with Chrome version 91.
Jun 16, 2021 6:08:50 PM org.openqa.selenium.remote.ProtocolHandshake createSession
INFO: Detected dialect: W3C
]]></system-err>
  </testcase>
  <testcase name="testRefiilAccountUsingPayPalDetails_TC004" classname="org.Adyen.Testscripts.RefiilAccountUsingPayPalDetails_TC004" time="99.784">
    <system-out><![CDATA[260122 [main] INFO org.Adyen.utilities.BaseClass  - ....clicked on logout button....
chrome 
263846 [main] INFO org.Adyen.utilities.BaseClass  - .......Chrome browser opened..........
https://adyen-app.sonetel.com/ 
280895 [main] INFO org.Adyen.utilities.BaseClass  - .....Url entered...........
281126 [main] INFO org.Adyen.utilities.BaseClass  - .....clicked on maximise button....
quality_Test@sonetel.info 
sonetel 
282509 [main] INFO org.Adyen.utilities.BaseClass  - .....entered email id.........
282849 [main] INFO org.Adyen.utilities.BaseClass  - .....pwd entered.......
285110 [main] INFO org.Adyen.utilities.BaseClass  - .....Login button clicked.......
285113 [main] INFO org.Adyen.utilities.BaseClass  - .....clicked on Settings Link.....
296061 [main] INFO org.Adyen.utilities.BaseClass  - .....clicked on Company settings Link.....
297973 [main] INFO org.Adyen.utilities.BaseClass  - .....clicked on Billings section.....
299046 [main] INFO org.Adyen.utilities.BaseClass  - .....clicked on Refill Link.....
310628 [main] INFO org.Adyen.utilities.BaseClass  - .....clicked PayPal Link.....
sntl_b_1346057779_per@xpathy.org 
sntl_buyer1 
Refilled
$5.00
384700 [main] INFO org.Adyen.utilities.BaseClass  - .....clicked on close link under pop-up.....
]]></system-out>
    <system-err><![CDATA[Starting ChromeDriver 90.0.4430.24 (4c6d850f087da467d926e8eddb76550aed655991-refs/branch-heads/4430@{#429}) on port 3525
Only local connections are allowed.
Please see https://chromedriver.chromium.org/security-considerations for suggestions on keeping ChromeDriver safe.
ChromeDriver was started successfully.
[1623847187.829][WARNING]: This version of ChromeDriver has not been tested with Chrome version 91.
Jun 16, 2021 6:09:48 PM org.openqa.selenium.remote.ProtocolHandshake createSession
INFO: Detected dialect: W3C
]]></system-err>
  </testcase>
  <testcase name="testRefillAccountUsingSavedPayPalDetails_TC005" classname="org.Adyen.Testscripts.RefillAccountUsingSavedPayPalDetails_TC005" time="34.482">
    <system-out><![CDATA[387217 [main] INFO org.Adyen.utilities.BaseClass  - ....clicked on logout button....
chrome 
390496 [main] INFO org.Adyen.utilities.BaseClass  - .......Chrome browser opened..........
https://adyen-app.sonetel.com/ 
406941 [main] INFO org.Adyen.utilities.BaseClass  - .....Url entered...........
407133 [main] INFO org.Adyen.utilities.BaseClass  - .....clicked on maximise button....
quality_Test@sonetel.info 
sonetel 
408189 [main] INFO org.Adyen.utilities.BaseClass  - .....entered email id.........
408678 [main] INFO org.Adyen.utilities.BaseClass  - .....pwd entered.......
410949 [main] INFO org.Adyen.utilities.BaseClass  - .....Login button clicked.......
410951 [main] INFO org.Adyen.utilities.BaseClass  - .....clicked on Settings Link.....
422822 [main] INFO org.Adyen.utilities.BaseClass  - .....clicked on Company settings Link.....
424175 [main] INFO org.Adyen.utilities.BaseClass  - .....clicked on Billings section.....
426635 [main] INFO org.Adyen.utilities.BaseClass  - .....clicked on Refill Link.....
434071 [main] INFO org.Adyen.utilities.BaseClass  - .....clicked under Saved details refill Link.....
Refilled
$10.00
443121 [main] INFO org.Adyen.utilities.BaseClass  - .....clicked on close link under pop-up.....
445334 [main] INFO org.Adyen.utilities.BaseClass  - .....Getting the current balance.....
Current balance
$1,295.92
Auto-refill is disabled Change
Notify me when account goes below
$25.00
]]></system-out>
    <system-err><![CDATA[Starting ChromeDriver 90.0.4430.24 (4c6d850f087da467d926e8eddb76550aed655991-refs/branch-heads/4430@{#429}) on port 43780
Only local connections are allowed.
Please see https://chromedriver.chromium.org/security-considerations for suggestions on keeping ChromeDriver safe.
ChromeDriver was started successfully.
[1623847314.161][WARNING]: This version of ChromeDriver has not been tested with Chrome version 91.
Jun 16, 2021 6:11:54 PM org.openqa.selenium.remote.ProtocolHandshake createSession
INFO: Detected dialect: W3C
]]></system-err>
  </testcase>
  <testcase name="testRefillAccountUsingSavedGpayDetails_TC006" classname="org.Adyen.Testscripts.RefillAccountUsingSavedGpayDetails_TC006" time="31.996">
    <system-out><![CDATA[447626 [main] INFO org.Adyen.utilities.BaseClass  - ....clicked on logout button....
chrome 
450741 [main] INFO org.Adyen.utilities.BaseClass  - .......Chrome browser opened..........
https://adyen-app.sonetel.com/ 
466249 [main] INFO org.Adyen.utilities.BaseClass  - .....Url entered...........
466397 [main] INFO org.Adyen.utilities.BaseClass  - .....clicked on maximise button....
quality_Test@sonetel.info 
sonetel 
466944 [main] INFO org.Adyen.utilities.BaseClass  - .....entered email id.........
467171 [main] INFO org.Adyen.utilities.BaseClass  - .....pwd entered.......
469449 [main] INFO org.Adyen.utilities.BaseClass  - .....Login button clicked.......
469452 [main] INFO org.Adyen.utilities.BaseClass  - .....clicked on Settings Link.....
485438 [main] INFO org.Adyen.utilities.BaseClass  - .....clicked on Company settings Link.....
485882 [main] INFO org.Adyen.utilities.BaseClass  - .....clicked on Billings section.....
486177 [main] INFO org.Adyen.utilities.BaseClass  - .....clicked on Refill Link.....
489380 [main] INFO org.Adyen.utilities.BaseClass  - .....clicked under Saved details refill Link.....
Refilled
$50.00
494055 [main] INFO org.Adyen.utilities.BaseClass  - .....clicked on close link under pop-up.....
496334 [main] INFO org.Adyen.utilities.BaseClass  - .....Getting the current balance.....
Current balance
$1,345.92
Auto-refill is disabled Change
Notify me when account goes below
$25.00
]]></system-out>
    <system-err><![CDATA[Starting ChromeDriver 90.0.4430.24 (4c6d850f087da467d926e8eddb76550aed655991-refs/branch-heads/4430@{#429}) on port 9204
Only local connections are allowed.
Please see https://chromedriver.chromium.org/security-considerations for suggestions on keeping ChromeDriver safe.
ChromeDriver was started successfully.
[1623847374.345][WARNING]: This version of ChromeDriver has not been tested with Chrome version 91.
Jun 16, 2021 6:12:55 PM org.openqa.selenium.remote.ProtocolHandshake createSession
INFO: Detected dialect: W3C
]]></system-err>
  </testcase>
  <testcase name="testValidatingMasterCardPaymentMethods" classname="org.Adyen.Testscripts.ValidatingSavedPaymentMethods_TC007" time="41.183">
    <system-out><![CDATA[503634 [main] INFO org.Adyen.utilities.BaseClass  - ....clicked on logout button....
chrome 
506755 [main] INFO org.Adyen.utilities.BaseClass  - .......Chrome browser opened..........
https://adyen-app.sonetel.com/ 
523658 [main] INFO org.Adyen.utilities.BaseClass  - .....Url entered...........
523845 [main] INFO org.Adyen.utilities.BaseClass  - .....clicked on maximise button....
quality_Test@sonetel.info 
sonetel 
524851 [main] INFO org.Adyen.utilities.BaseClass  - .....entered email id.........
525185 [main] INFO org.Adyen.utilities.BaseClass  - .....pwd entered.......
527484 [main] INFO org.Adyen.utilities.BaseClass  - .....Login button clicked.......
527487 [main] INFO org.Adyen.utilities.BaseClass  - .....clicked on Settings Link.....
563166 [main] INFO org.Adyen.utilities.BaseClass  - .....clicked on Company settings Link.....
564307 [main] INFO org.Adyen.utilities.BaseClass  - .....clicked on Billings section.....
566918 [main] INFO org.Adyen.utilities.BaseClass  - .....clicked on Payment methods section.....
MasterCard details are saved
]]></system-out>
    <system-err><![CDATA[Starting ChromeDriver 90.0.4430.24 (4c6d850f087da467d926e8eddb76550aed655991-refs/branch-heads/4430@{#429}) on port 36072
Only local connections are allowed.
Please see https://chromedriver.chromium.org/security-considerations for suggestions on keeping ChromeDriver safe.
ChromeDriver was started successfully.
[1623847430.596][WARNING]: This version of ChromeDriver has not been tested with Chrome version 91.
Jun 16, 2021 6:13:51 PM org.openqa.selenium.remote.ProtocolHandshake createSession
INFO: Detected dialect: W3C
]]></system-err>
  </testcase>
  <testcase name="testValidatingPaypalPaymentMethods" classname="org.Adyen.Testscripts.ValidatingSavedPaymentMethods_TC007" time="14.329">
    <system-out><![CDATA[568738 [main] INFO org.Adyen.utilities.BaseClass  - .....clicked on Settings Link.....
576919 [main] INFO org.Adyen.utilities.BaseClass  - .....clicked on Company settings Link.....
580267 [main] INFO org.Adyen.utilities.BaseClass  - .....clicked on Billings section.....
581986 [main] INFO org.Adyen.utilities.BaseClass  - .....clicked on Payment methods section.....
true
Paypal details are saved
]]></system-out>
  </testcase>
  <testcase name="testValidatingSavedGPayMethod_TC0015" classname="org.Adyen.Testscripts.ValidatingSavedGpayMethod_TC0015" time="20.142">
    <system-out><![CDATA[585181 [main] INFO org.Adyen.utilities.BaseClass  - ....clicked on logout button....
chrome 
588987 [main] INFO org.Adyen.utilities.BaseClass  - .......Chrome browser opened..........
https://adyen-app.sonetel.com/ 
605794 [main] INFO org.Adyen.utilities.BaseClass  - .....Url entered...........
605983 [main] INFO org.Adyen.utilities.BaseClass  - .....clicked on maximise button....
quality_Test@sonetel.info 
sonetel 
607198 [main] INFO org.Adyen.utilities.BaseClass  - .....entered email id.........
607549 [main] INFO org.Adyen.utilities.BaseClass  - .....pwd entered.......
609879 [main] INFO org.Adyen.utilities.BaseClass  - .....Login button clicked.......
609882 [main] INFO org.Adyen.utilities.BaseClass  - .....clicked on Settings Link.....
623549 [main] INFO org.Adyen.utilities.BaseClass  - .....clicked on Company settings Link.....
624498 [main] INFO org.Adyen.utilities.BaseClass  - .....clicked on Billings section.....
625653 [main] INFO org.Adyen.utilities.BaseClass  - .....clicked on Payment methods section.....
true
Gpay details are saved
]]></system-out>
    <system-err><![CDATA[Starting ChromeDriver 90.0.4430.24 (4c6d850f087da467d926e8eddb76550aed655991-refs/branch-heads/4430@{#429}) on port 19223
Only local connections are allowed.
Please see https://chromedriver.chromium.org/security-considerations for suggestions on keeping ChromeDriver safe.
ChromeDriver was started successfully.
[1623847513.203][WARNING]: This version of ChromeDriver has not been tested with Chrome version 91.
Jun 16, 2021 6:15:14 PM org.openqa.selenium.remote.ProtocolHandshake createSession
INFO: Detected dialect: W3C
]]></system-err>
  </testcase>
  <testcase name="testDeleteSavedMasterCardDetails_TC008" classname="org.Adyen.Testscripts.DeleteSavedMasterCardDetails_TC008" time="27.706">
    <system-out><![CDATA[632260 [main] INFO org.Adyen.utilities.BaseClass  - ....clicked on logout button....
chrome 
635291 [main] INFO org.Adyen.utilities.BaseClass  - .......Chrome browser opened..........
https://adyen-app.sonetel.com/ 
653424 [main] INFO org.Adyen.utilities.BaseClass  - .....Url entered...........
653652 [main] INFO org.Adyen.utilities.BaseClass  - .....clicked on maximise button....
quality_Test@sonetel.info 
sonetel 
654858 [main] INFO org.Adyen.utilities.BaseClass  - .....entered email id.........
655293 [main] INFO org.Adyen.utilities.BaseClass  - .....pwd entered.......
657555 [main] INFO org.Adyen.utilities.BaseClass  - .....Login button clicked.......
657557 [main] INFO org.Adyen.utilities.BaseClass  - .....clicked on Settings Link.....
669858 [main] INFO org.Adyen.utilities.BaseClass  - .....clicked on Company settings Link.....
671218 [main] INFO org.Adyen.utilities.BaseClass  - .....clicked on Billings section.....
671861 [main] INFO org.Adyen.utilities.BaseClass  - .....clicked on Payment methods section.....
677097 [main] INFO org.Adyen.utilities.BaseClass  - .....Clicked on delete icon link......
680277 [main] INFO org.Adyen.utilities.BaseClass  - .....Clicked on delete button......
]]></system-out>
    <system-err><![CDATA[Starting ChromeDriver 90.0.4430.24 (4c6d850f087da467d926e8eddb76550aed655991-refs/branch-heads/4430@{#429}) on port 14379
Only local connections are allowed.
Please see https://chromedriver.chromium.org/security-considerations for suggestions on keeping ChromeDriver safe.
ChromeDriver was started successfully.
[1623847558.603][WARNING]: This version of ChromeDriver has not been tested with Chrome version 91.
Jun 16, 2021 6:15:58 PM org.openqa.selenium.remote.ProtocolHandshake createSession
INFO: Detected dialect: W3C
]]></system-err>
  </testcase>
  <testcase name="testDeletingSavedPayPalDetails_TC0011" classname="org.Adyen.Testscripts.DeleteSavedPayPalDetails_TC009" time="28.736">
    <system-out><![CDATA[687465 [main] INFO org.Adyen.utilities.BaseClass  - ....clicked on logout button....
chrome 
690692 [main] INFO org.Adyen.utilities.BaseClass  - .......Chrome browser opened..........
https://adyen-app.sonetel.com/ 
703447 [main] INFO org.Adyen.utilities.BaseClass  - .....Url entered...........
703746 [main] INFO org.Adyen.utilities.BaseClass  - .....clicked on maximise button....
quality_Test@sonetel.info 
sonetel 
704949 [main] INFO org.Adyen.utilities.BaseClass  - .....entered email id.........
705404 [main] INFO org.Adyen.utilities.BaseClass  - .....pwd entered.......
707758 [main] INFO org.Adyen.utilities.BaseClass  - .....Login button clicked.......
707760 [main] INFO org.Adyen.utilities.BaseClass  - .....clicked on Settings Link.....
721420 [main] INFO org.Adyen.utilities.BaseClass  - .....clicked on Company settings Link.....
723606 [main] INFO org.Adyen.utilities.BaseClass  - .....clicked on Billings section.....
724905 [main] INFO org.Adyen.utilities.BaseClass  - .....clicked on Payment methods section.....
728276 [main] INFO org.Adyen.utilities.BaseClass  - .....Clicked on delete icon link......
731483 [main] INFO org.Adyen.utilities.BaseClass  - .....Clicked on delete button......
]]></system-out>
    <system-err><![CDATA[Starting ChromeDriver 90.0.4430.24 (4c6d850f087da467d926e8eddb76550aed655991-refs/branch-heads/4430@{#429}) on port 33248
Only local connections are allowed.
Please see https://chromedriver.chromium.org/security-considerations for suggestions on keeping ChromeDriver safe.
ChromeDriver was started successfully.
[1623847613.979][WARNING]: This version of ChromeDriver has not been tested with Chrome version 91.
Jun 16, 2021 6:16:54 PM org.openqa.selenium.remote.ProtocolHandshake createSession
INFO: Detected dialect: W3C
]]></system-err>
  </testcase>
  <testcase name="testCapturingPaymentReceipts_TC0010" classname="org.Adyen.Testscripts.CapturingPaymentReceipts_TC0010" time="26.74">
    <system-out><![CDATA[738698 [main] INFO org.Adyen.utilities.BaseClass  - ....clicked on logout button....
chrome 
741643 [main] INFO org.Adyen.utilities.BaseClass  - .......Chrome browser opened..........
https://adyen-app.sonetel.com/ 
757110 [main] INFO org.Adyen.utilities.BaseClass  - .....Url entered...........
757395 [main] INFO org.Adyen.utilities.BaseClass  - .....clicked on maximise button....
quality_Test@sonetel.info 
sonetel 
758482 [main] INFO org.Adyen.utilities.BaseClass  - .....entered email id.........
758778 [main] INFO org.Adyen.utilities.BaseClass  - .....pwd entered.......
761043 [main] INFO org.Adyen.utilities.BaseClass  - .....Login button clicked.......
761046 [main] INFO org.Adyen.utilities.BaseClass  - .....clicked on Settings Link.....
775986 [main] INFO org.Adyen.utilities.BaseClass  - .....clicked on Company settings Link.....
778775 [main] INFO org.Adyen.utilities.BaseClass  - .....clicked on Billings section.....
779854 [main] INFO org.Adyen.utilities.BaseClass  - .....clicked on receipts section.....
202106167181822
]]></system-out>
    <system-err><![CDATA[Starting ChromeDriver 90.0.4430.24 (4c6d850f087da467d926e8eddb76550aed655991-refs/branch-heads/4430@{#429}) on port 38524
Only local connections are allowed.
Please see https://chromedriver.chromium.org/security-considerations for suggestions on keeping ChromeDriver safe.
ChromeDriver was started successfully.
[1623847664.901][WARNING]: This version of ChromeDriver has not been tested with Chrome version 91.
Jun 16, 2021 6:17:46 PM org.openqa.selenium.remote.ProtocolHandshake createSession
INFO: Detected dialect: W3C
]]></system-err>
  </testcase>
  <testcase name="testChecoutForSubscriptionOfPhoneNumber_TC0013" classname="org.Adyen.Testscripts.ChecoutForSubscriptionOfPhoneNumber_TC0013" time="74.731">
    <system-out><![CDATA[789980 [main] INFO org.Adyen.utilities.BaseClass  - ....clicked on logout button....
chrome 
792795 [main] INFO org.Adyen.utilities.BaseClass  - .......Chrome browser opened..........
https://adyen-app.sonetel.com/ 
809148 [main] INFO org.Adyen.utilities.BaseClass  - .....Url entered...........
809422 [main] INFO org.Adyen.utilities.BaseClass  - .....clicked on maximise button....
quality_Test@sonetel.info 
sonetel 
810454 [main] INFO org.Adyen.utilities.BaseClass  - .....entered email id.........
811186 [main] INFO org.Adyen.utilities.BaseClass  - .....pwd entered.......
813488 [main] INFO org.Adyen.utilities.BaseClass  - .....Login button clicked.......
813490 [main] INFO org.Adyen.utilities.BaseClass  - .....clicked on Settings Link.....
829082 [main] INFO org.Adyen.utilities.BaseClass  - .....clicked on Company settings Link.....
831428 [main] INFO org.Adyen.utilities.BaseClass  - .....clicked on Telephony section.....
832015 [main] INFO org.Adyen.utilities.BaseClass  - .....clicked on Add Link.....
836281 [main] INFO org.Adyen.utilities.BaseClass  - .....clicked On search country.....
New Jersey 
838879 [main] INFO org.Adyen.utilities.BaseClass  - .....Entered country Name.....
841212 [main] INFO org.Adyen.utilities.BaseClass  - .....Clicked On Country Name.....
848485 [main] INFO org.Adyen.utilities.BaseClass  - .....Selected phone Number.....
861539 [main] INFO org.Adyen.utilities.BaseClass  - .....Clicked on Add to cart.....
871908 [main] INFO org.Adyen.utilities.BaseClass  - .....Clicked on Cart Icon.....
[[ChromeDriver: chrome on WINDOWS (a923d588353e24deec2f19eb8e7363d7)] -> xpath: //div[@class='_2D7kLBR9gPH_c4D2hAZGCw']]
]]></system-out>
    <system-err><![CDATA[Starting ChromeDriver 90.0.4430.24 (4c6d850f087da467d926e8eddb76550aed655991-refs/branch-heads/4430@{#429}) on port 43417
Only local connections are allowed.
Please see https://chromedriver.chromium.org/security-considerations for suggestions on keeping ChromeDriver safe.
ChromeDriver was started successfully.
[1623847716.034][WARNING]: This version of ChromeDriver has not been tested with Chrome version 91.
Jun 16, 2021 6:18:36 PM org.openqa.selenium.remote.ProtocolHandshake createSession
INFO: Detected dialect: W3C
]]></system-err>
  </testcase>
  <testcase name="testPurchasingPhonenumber_TC0012" classname="org.Adyen.Testscripts.PurchasingPhonenumber_TC0012" time="55.431">
    <system-out><![CDATA[890329 [main] INFO org.Adyen.utilities.BaseClass  - ....clicked on logout button....
chrome 
893725 [main] INFO org.Adyen.utilities.BaseClass  - .......Chrome browser opened..........
https://adyen-app.sonetel.com/ 
909512 [main] INFO org.Adyen.utilities.BaseClass  - .....Url entered...........
909779 [main] INFO org.Adyen.utilities.BaseClass  - .....clicked on maximise button....
quality_Test@sonetel.info 
sonetel 
910919 [main] INFO org.Adyen.utilities.BaseClass  - .....entered email id.........
911396 [main] INFO org.Adyen.utilities.BaseClass  - .....pwd entered.......
913679 [main] INFO org.Adyen.utilities.BaseClass  - .....Login button clicked.......
913681 [main] INFO org.Adyen.utilities.BaseClass  - .....clicked on Settings Link.....
926003 [main] INFO org.Adyen.utilities.BaseClass  - .....clicked on Company settings Link.....
926534 [main] INFO org.Adyen.utilities.BaseClass  - .....clicked on Telephony section.....
929464 [main] INFO org.Adyen.utilities.BaseClass  - .....clicked on Add Link.....
933236 [main] INFO org.Adyen.utilities.BaseClass  - .....clicked On search country.....
New Jersey 
935895 [main] INFO org.Adyen.utilities.BaseClass  - .....Entered country Name.....
938214 [main] INFO org.Adyen.utilities.BaseClass  - .....Clicked On Country Name.....
945316 [main] INFO org.Adyen.utilities.BaseClass  - .....Selected phone Number.....
947550 [main] INFO org.Adyen.utilities.BaseClass  - .....Clicked on Add to cart.....
957868 [main] INFO org.Adyen.utilities.BaseClass  - .....Clicked on Cart Icon.....
961945 [main] INFO org.Adyen.utilities.BaseClass  - .....Clicked on Conform and Pay button.....
Order confirmed
+1 609 1609123456811
Free with Premium
Subtotal
$0.00
Paid
Free
Go to numbers list
Terms & conditions
]]></system-out>
    <system-err><![CDATA[Starting ChromeDriver 90.0.4430.24 (4c6d850f087da467d926e8eddb76550aed655991-refs/branch-heads/4430@{#429}) on port 9171
Only local connections are allowed.
Please see https://chromedriver.chromium.org/security-considerations for suggestions on keeping ChromeDriver safe.
ChromeDriver was started successfully.
[1623847817.057][WARNING]: This version of ChromeDriver has not been tested with Chrome version 91.
Jun 16, 2021 6:20:17 PM org.openqa.selenium.remote.ProtocolHandshake createSession
INFO: Detected dialect: W3C
]]></system-err>
  </testcase>
</testsuite>