<?xml version="1.0" encoding="UTF-8"?>
<!-- Generated by org.testng.reporters.JUnitReportReporter -->
<testsuite hostname="jnetlap122" failures="0" tests="1" name="org.Adyen.Testscripts.DeleteSavedMasterCardDetails_TC008" time="30.456" errors="0" timestamp="2021-07-19T17:08:28 IST" skipped="0">
  <testcase classname="org.Adyen.Testscripts.DeleteSavedMasterCardDetails_TC008" name="testDeleteSavedMasterCardDetails_TC008" time="30.456"/>
  <system-out/>
</testsuite> <!-- org.Adyen.Testscripts.DeleteSavedMasterCardDetails_TC008 -->
