<?xml version="1.0" encoding="UTF-8"?>
<!-- Generated by org.testng.reporters.JUnitReportReporter -->
<testsuite hostname="jnetlap122" failures="0" tests="1" name="org.Adyen.Testscripts.RefillAccountUsingSavedPayPalDetails_TC005" time="37.192" errors="0" timestamp="2021-07-07T11:26:58 IST" skipped="0">
  <testcase classname="org.Adyen.Testscripts.RefillAccountUsingSavedPayPalDetails_TC005" name="testRefillAccountUsingSavedPayPalDetails_TC005" time="37.192"/>
  <system-out/>
</testsuite> <!-- org.Adyen.Testscripts.RefillAccountUsingSavedPayPalDetails_TC005 -->
