<?xml version="1.0" encoding="UTF-8"?>
<!-- Generated by org.testng.reporters.JUnitReportReporter -->
<testsuite hostname="jnetlap122" failures="0" tests="1" name="org.Adyen.Testscripts.RefiilAccountUsingPayPalDetails_TC004" time="93.551" errors="0" timestamp="2021-07-07T11:25:13 IST" skipped="0">
  <testcase classname="org.Adyen.Testscripts.RefiilAccountUsingPayPalDetails_TC004" name="testRefiilAccountUsingPayPalDetails_TC004" time="93.551"/>
  <system-out/>
</testsuite> <!-- org.Adyen.Testscripts.RefiilAccountUsingPayPalDetails_TC004 -->
