<?xml version="1.0" encoding="UTF-8"?>
<!-- Generated by org.testng.reporters.JUnitReportReporter -->
<testsuite hostname="jnetlap122" failures="0" tests="1" name="Sonetel.AutomationTesting.Extentreports" time="14.451" errors="0" timestamp="2021-05-28T17:31:30 IST" skipped="0">
  <testcase classname="Sonetel.AutomationTesting.Extentreports" name="initialDemo" time="14.451"/>
  <system-out/>
</testsuite> <!-- Sonetel.AutomationTesting.Extentreports -->
