<?xml version="1.0" encoding="UTF-8"?>
<!-- Generated by org.testng.reporters.JUnitReportReporter -->
<testsuite hostname="jnetlap122" failures="0" tests="1" name="org.Adyen.Testscripts.CapturingPaymentReceipts_TC0010" time="25.498" errors="0" timestamp="2021-07-19T17:08:28 IST" skipped="0">
  <testcase classname="org.Adyen.Testscripts.CapturingPaymentReceipts_TC0010" name="testCapturingPaymentReceipts_TC0010" time="25.498"/>
  <system-out/>
</testsuite> <!-- org.Adyen.Testscripts.CapturingPaymentReceipts_TC0010 -->
