<?xml version="1.0" encoding="UTF-8"?>
<!-- Generated by org.testng.reporters.JUnitReportReporter -->
<testsuite hostname="jnetlap122" failures="0" tests="1" name="org.Adyen.Testscripts.RefillAccountUsingSavedGpayDetails_TC006" time="45.561" errors="0" timestamp="2021-07-07T11:28:34 IST" skipped="0">
  <testcase classname="org.Adyen.Testscripts.RefillAccountUsingSavedGpayDetails_TC006" name="testRefillAccountUsingSavedGpayDetails_TC006" time="45.561"/>
  <system-out/>
</testsuite> <!-- org.Adyen.Testscripts.RefillAccountUsingSavedGpayDetails_TC006 -->
