<?xml version="1.0" encoding="UTF-8"?>
<!-- Generated by org.testng.reporters.JUnitReportReporter -->
<testsuite hostname="jnetlap122" failures="0" tests="1" name="org.Adyen.Testscripts.DeleteSavedPayPalDetails_TC009" time="31.129" errors="0" timestamp="2021-07-07T11:37:09 IST" skipped="0">
  <testcase classname="org.Adyen.Testscripts.DeleteSavedPayPalDetails_TC009" name="testDeletingSavedPayPalDetails_TC0011" time="31.129"/>
  <system-out/>
</testsuite> <!-- org.Adyen.Testscripts.DeleteSavedPayPalDetails_TC009 -->
