<?xml version="1.0" encoding="UTF-8"?>
<!-- Generated by org.testng.reporters.JUnitReportReporter -->
<testsuite hostname="jnetlap122" failures="0" tests="1" name="org.Adyen.Testscripts.ValidatingSavedPayPalMethod_TC0016" time="17.507" errors="0" timestamp="2021-07-19T17:08:28 IST" skipped="0">
  <testcase classname="org.Adyen.Testscripts.ValidatingSavedPayPalMethod_TC0016" name="testValidatingPaypalPaymentMethods" time="17.507"/>
  <system-out/>
</testsuite> <!-- org.Adyen.Testscripts.ValidatingSavedPayPalMethod_TC0016 -->
