<?xml version="1.0" encoding="UTF-8"?>
<!-- Generated by org.testng.reporters.JUnitReportReporter -->
<testsuite hostname="jnetlap122" failures="0" tests="1" name="org.Adyen.Testscripts.RefillUsingAuthorisedAliPayPaymentMethod_TC0017" time="64.209" errors="0" timestamp="2021-06-24T15:58:00 IST" skipped="0">
  <testcase classname="org.Adyen.Testscripts.RefillUsingAuthorisedAliPayPaymentMethod_TC0017" name="testRefillUsingAuthorisedAliPayPaymentMethod_TC0017" time="64.209"/>
  <system-out/>
</testsuite> <!-- org.Adyen.Testscripts.RefillUsingAuthorisedAliPayPaymentMethod_TC0017 -->
