<?xml version="1.0" encoding="UTF-8"?>
<!-- Generated by org.testng.reporters.JUnitReportReporter -->
<testsuite hostname="jnetlap122" failures="0" tests="1" name="org.Adyen.Testscripts.RefillUsingMasterCardWithoutSavingDetails_TC001" time="68.209" errors="0" timestamp="2021-06-15T15:02:50 IST" skipped="0">
  <testcase classname="org.Adyen.Testscripts.RefillUsingMasterCardWithoutSavingDetails_TC001" name="testRefillUsingMasterCardWithoutSavingDetails_TC001" time="68.209"/>
  <system-out/>
</testsuite> <!-- org.Adyen.Testscripts.RefillUsingMasterCardWithoutSavingDetails_TC001 -->
