<?xml version="1.0" encoding="UTF-8"?>
<!-- Generated by org.testng.reporters.JUnitReportReporter -->
<testsuite hostname="jnetlap122" failures="0" tests="1" name="org.Adyen.Testscripts.ConvertingAccountFromFreeToPremium_TC0014" time="32.846" errors="0" timestamp="2021-06-22T12:13:24 IST" skipped="0">
  <testcase classname="org.Adyen.Testscripts.ConvertingAccountFromFreeToPremium_TC0014" name="testConvertingAccountFromFreeToPremium_TC0014" time="32.846"/>
  <system-out/>
</testsuite> <!-- org.Adyen.Testscripts.ConvertingAccountFromFreeToPremium_TC0014 -->
