<?xml version="1.0" encoding="UTF-8"?>
<!-- Generated by org.testng.reporters.JUnitReportReporter -->
<testsuite hostname="jnetlap122" failures="0" tests="1" name="org.Adyen.Testscripts.ChecoutForSubscriptionOfPhoneNumberUsingAliPayAuthorisedPayment_TC0021" time="114.293" errors="0" timestamp="2021-07-19T17:08:28 IST" skipped="0">
  <testcase classname="org.Adyen.Testscripts.ChecoutForSubscriptionOfPhoneNumberUsingAliPayAuthorisedPayment_TC0021" name="testChecoutForSubscriptionOfPhoneNumberUsingAliPayAuthorisedPayment_TC0021" time="114.293"/>
  <system-out/>
</testsuite> <!-- org.Adyen.Testscripts.ChecoutForSubscriptionOfPhoneNumberUsingAliPayAuthorisedPayment_TC0021 -->
