<?xml version="1.0" encoding="UTF-8"?>
<!-- Generated by org.testng.reporters.JUnitReportReporter -->
<testsuite hostname="jnetlap122" failures="0" tests="1" name="org.Adyen.Testscripts.PurchasingPhonenumber_TC0012" time="93.316" errors="0" timestamp="2021-07-07T11:41:29 IST" skipped="0">
  <testcase classname="org.Adyen.Testscripts.PurchasingPhonenumber_TC0012" name="testPurchasingPhonenumber_TC0012" time="93.316"/>
  <system-out/>
</testsuite> <!-- org.Adyen.Testscripts.PurchasingPhonenumber_TC0012 -->
