<?xml version="1.0" encoding="UTF-8"?>
<!-- Generated by org.testng.reporters.JUnitReportReporter -->
<testsuite hostname="jnetlap122" failures="0" tests="1" name="org.Adyen.Testscripts.ChecoutForSubscriptionOfPhoneNumber_TC0013" time="76.153" errors="0" timestamp="2021-07-07T11:43:28 IST" skipped="0">
  <testcase classname="org.Adyen.Testscripts.ChecoutForSubscriptionOfPhoneNumber_TC0013" name="testChecoutForSubscriptionOfPhoneNumber_TC0013" time="76.153"/>
  <system-out/>
</testsuite> <!-- org.Adyen.Testscripts.ChecoutForSubscriptionOfPhoneNumber_TC0013 -->
