<?xml version="1.0" encoding="UTF-8"?>
<!-- Generated by org.testng.reporters.JUnitReportReporter -->
<testsuite hostname="jnetlap122" failures="0" tests="1" name="org.Adyen.Testscripts.ValidatingSavedGpayMethod_TC0015" time="18.431" errors="0" timestamp="2021-07-07T11:31:01 IST" skipped="0">
  <testcase classname="org.Adyen.Testscripts.ValidatingSavedGpayMethod_TC0015" name="testValidatingSavedGPayMethod_TC0015" time="18.431"/>
  <system-out/>
</testsuite> <!-- org.Adyen.Testscripts.ValidatingSavedGpayMethod_TC0015 -->
