<?xml version="1.0" encoding="UTF-8"?>
<!-- Generated by org.testng.reporters.JUnitReportReporter -->
<testsuite hostname="jnetlap122" failures="0" tests="1" name="org.Adyen.Testscripts.ChecoutForSubscriptionOfPhoneNumberUsingMasterCard_TC0019" time="82.218" errors="0" timestamp="2021-07-13T11:46:51 IST" skipped="0">
  <testcase classname="org.Adyen.Testscripts.ChecoutForSubscriptionOfPhoneNumberUsingMasterCard_TC0019" name="testChecoutForSubscriptionOfPhoneNumberUsingMasterCard_TC0019" time="82.218"/>
  <system-out/>
</testsuite> <!-- org.Adyen.Testscripts.ChecoutForSubscriptionOfPhoneNumberUsingMasterCard_TC0019 -->
