<?xml version="1.0" encoding="UTF-8"?>
<!-- Generated by org.testng.reporters.JUnitReportReporter -->
<testsuite hostname="jnetlap122" failures="0" tests="1" name="org.Adyen.Testscripts.ValidatingSavedMasterPaymentMethods_TC007" time="22.253" errors="0" timestamp="2021-07-07T11:29:49 IST" skipped="0">
  <testcase classname="org.Adyen.Testscripts.ValidatingSavedMasterPaymentMethods_TC007" name="testValidatingMasterCardPaymentMethods" time="22.253"/>
  <system-out/>
</testsuite> <!-- org.Adyen.Testscripts.ValidatingSavedMasterPaymentMethods_TC007 -->
