<?xml version="1.0" encoding="UTF-8"?>
<!-- Generated by org.testng.reporters.JUnitReportReporter -->
<testsuite hostname="jnetlap122" failures="0" tests="1" name="org.Adyen.Testscripts.RefillUsingMasterCardWithoutSavingDetails_TC001" time="85.407" errors="0" timestamp="2021-07-07T11:13:09 IST" skipped="0">
  <testcase classname="org.Adyen.Testscripts.RefillUsingMasterCardWithoutSavingDetails_TC001" name="testRefillUsingMasterCardWithoutSavingDetails_TC001" time="85.407"/>
  <system-out/>
</testsuite> <!-- org.Adyen.Testscripts.RefillUsingMasterCardWithoutSavingDetails_TC001 -->
