<?xml version="1.0" encoding="UTF-8"?>
<!-- Generated by org.testng.reporters.JUnitReportReporter -->
<testsuite hostname="jnetlap122" failures="0" tests="1" name="org.Adyen.Testscripts.PurchasingPhonenumber_TC0012" time="53.953" errors="0" timestamp="2021-06-30T16:53:28 IST" skipped="0">
  <testcase classname="org.Adyen.Testscripts.PurchasingPhonenumber_TC0012" name="testPurchasingPhonenumber_TC0012" time="53.953"/>
  <system-out/>
</testsuite> <!-- org.Adyen.Testscripts.PurchasingPhonenumber_TC0012 -->
