<?xml version="1.0" encoding="UTF-8"?>
<!-- Generated by org.testng.reporters.JUnitReportReporter -->
<testsuite hostname="jnetlap122" failures="0" tests="1" name="org.Adyen.Testscripts.ChecoutForSubscriptionOfPhoneNumberUsingGpay_TC0013" time="80.787" errors="0" timestamp="2021-07-22T11:35:02 IST" skipped="0">
  <testcase classname="org.Adyen.Testscripts.ChecoutForSubscriptionOfPhoneNumberUsingGpay_TC0013" name="testChecoutForSubscriptionOfPhoneNumberUsingGpay_TC0013" time="80.787"/>
  <system-out/>
</testsuite> <!-- org.Adyen.Testscripts.ChecoutForSubscriptionOfPhoneNumberUsingGpay_TC0013 -->
