<?xml version="1.0" encoding="UTF-8"?>
<!-- Generated by org.testng.reporters.JUnitReportReporter -->
<testsuite hostname="jnetlap122" failures="0" tests="1" name="org.Adyen.Testscripts.ValidatingSavedMasterPaymentMethods_TC007" time="43.191" errors="0" timestamp="2021-07-22T11:35:02 IST" skipped="0">
  <testcase classname="org.Adyen.Testscripts.ValidatingSavedMasterPaymentMethods_TC007" name="testValidatingMasterCardPaymentMethods" time="43.191"/>
  <system-out/>
</testsuite> <!-- org.Adyen.Testscripts.ValidatingSavedMasterPaymentMethods_TC007 -->
