<?xml version="1.0" encoding="UTF-8"?>
<!-- Generated by org.testng.reporters.JUnitReportReporter -->
<testsuite hostname="jnetlap122" failures="0" tests="1" name="org.Adyen.Testscripts.DeleteSavedGpayMethodUnderPaymentMethodsSection_TC0011" time="27.178" errors="0" timestamp="2021-06-30T16:53:28 IST" skipped="0">
  <testcase classname="org.Adyen.Testscripts.DeleteSavedGpayMethodUnderPaymentMethodsSection_TC0011" name="testDeleteSavedGpayMethodUnerPaymentMethodsSection_TC0011" time="27.178"/>
  <system-out/>
</testsuite> <!-- org.Adyen.Testscripts.DeleteSavedGpayMethodUnderPaymentMethodsSection_TC0011 -->
