<?xml version="1.0" encoding="UTF-8"?>
<!-- Generated by org.testng.reporters.JUnitReportReporter -->
<testsuite hostname="jnetlap122" failures="0" tests="1" name="org.Adyen.Testscripts.DeleteSavedPayPalDetails_TC009" time="28.724" errors="0" timestamp="2021-06-16T18:21:39 IST" skipped="0">
  <testcase classname="org.Adyen.Testscripts.DeleteSavedPayPalDetails_TC009" name="testDeletingSavedPayPalDetails_TC0011" time="28.724"/>
  <system-out/>
</testsuite> <!-- org.Adyen.Testscripts.DeleteSavedPayPalDetails_TC009 -->
