<?xml version="1.0" encoding="UTF-8"?>
<!-- Generated by org.testng.reporters.JUnitReportReporter -->
<testsuite hostname="jnetlap122" failures="0" tests="1" name="org.Adyen.Testscripts.ChecoutForSubscriptionOfPhoneNumber_TC0013" time="66.252" errors="0" timestamp="2021-06-30T16:53:28 IST" skipped="0">
  <testcase classname="org.Adyen.Testscripts.ChecoutForSubscriptionOfPhoneNumber_TC0013" name="testChecoutForSubscriptionOfPhoneNumber_TC0013" time="66.252"/>
  <system-out/>
</testsuite> <!-- org.Adyen.Testscripts.ChecoutForSubscriptionOfPhoneNumber_TC0013 -->
