<?xml version="1.0" encoding="UTF-8"?>
<!-- Generated by org.testng.reporters.JUnitReportReporter -->
<testsuite hostname="jnetlap122" failures="0" tests="1" name="org.Adyen.Testscripts.RefiilAccountUsingPayPalDetails_TC004" time="77.616" errors="0" timestamp="2021-07-22T11:35:02 IST" skipped="0">
  <testcase classname="org.Adyen.Testscripts.RefiilAccountUsingPayPalDetails_TC004" name="testRefiilAccountUsingPayPalDetails_TC004" time="77.616"/>
  <system-out/>
</testsuite> <!-- org.Adyen.Testscripts.RefiilAccountUsingPayPalDetails_TC004 -->
