<?xml version="1.0" encoding="UTF-8"?>
<!-- Generated by org.testng.reporters.JUnitReportReporter -->
<testsuite hostname="jnetlap122" failures="0" tests="1" name="org.Adyen.Testscripts.ChecoutForSubscriptionOfPhoneNumberUsingAliPayAuthorisedPayment_TC0021" time="89.914" errors="0" timestamp="2021-07-22T11:35:02 IST" skipped="0">
  <testcase classname="org.Adyen.Testscripts.ChecoutForSubscriptionOfPhoneNumberUsingAliPayAuthorisedPayment_TC0021" name="testChecoutForSubscriptionOfPhoneNumberUsingAliPayAuthorisedPayment_TC0021" time="89.914"/>
  <system-out/>
</testsuite> <!-- org.Adyen.Testscripts.ChecoutForSubscriptionOfPhoneNumberUsingAliPayAuthorisedPayment_TC0021 -->
