<?xml version="1.0" encoding="UTF-8"?>
<!-- Generated by org.testng.reporters.JUnitReportReporter -->
<testsuite hostname="jnetlap122" failures="0" tests="1" name="org.Adyen.Testscripts.ValidatingSavedGpayMethod_TC0015" time="20.155" errors="0" timestamp="2021-06-16T18:21:39 IST" skipped="0">
  <testcase classname="org.Adyen.Testscripts.ValidatingSavedGpayMethod_TC0015" name="testValidatingSavedGPayMethod_TC0015" time="20.155"/>
  <system-out/>
</testsuite> <!-- org.Adyen.Testscripts.ValidatingSavedGpayMethod_TC0015 -->
