<?xml version="1.0" encoding="UTF-8"?>
<!-- Generated by org.testng.reporters.JUnitReportReporter -->
<testsuite hostname="jnetlap122" failures="0" tests="1" name="org.Adyen.Testscripts.CapturingPaymentReceipts_TC0010" time="26.756" errors="0" timestamp="2021-06-16T18:21:39 IST" skipped="0">
  <testcase classname="org.Adyen.Testscripts.CapturingPaymentReceipts_TC0010" name="testCapturingPaymentReceipts_TC0010" time="26.756"/>
  <system-out/>
</testsuite> <!-- org.Adyen.Testscripts.CapturingPaymentReceipts_TC0010 -->
