<?xml version="1.0" encoding="UTF-8"?>
<!-- Generated by org.testng.reporters.JUnitReportReporter -->
<testsuite hostname="jnetlap122" failures="0" tests="1" name="org.Adyen.Testscripts.RefillAccountUsingSavedGpayDetails_TC006" time="32.007" errors="0" timestamp="2021-06-16T18:21:39 IST" skipped="0">
  <testcase classname="org.Adyen.Testscripts.RefillAccountUsingSavedGpayDetails_TC006" name="testRefillAccountUsingSavedGpayDetails_TC006" time="32.007"/>
  <system-out/>
</testsuite> <!-- org.Adyen.Testscripts.RefillAccountUsingSavedGpayDetails_TC006 -->
