<?xml version="1.0" encoding="UTF-8"?>
<!-- Generated by org.testng.reporters.JUnitReportReporter -->
<testsuite hostname="jnetlap122" failures="0" tests="2" name="org.Adyen.Testscripts.ValidatingSavedPaymentMethods_TC007" time="55.525" errors="0" timestamp="2021-06-16T18:21:39 IST" skipped="0">
  <testcase classname="org.Adyen.Testscripts.ValidatingSavedPaymentMethods_TC007" name="testValidatingMasterCardPaymentMethods" time="41.200"/>
  <system-out/>
  <testcase classname="org.Adyen.Testscripts.ValidatingSavedPaymentMethods_TC007" name="testValidatingPaypalPaymentMethods" time="14.325"/>
  <system-out/>
</testsuite> <!-- org.Adyen.Testscripts.ValidatingSavedPaymentMethods_TC007 -->
